<?xml version="1.0" encoding="UTF-8"?>
<!-- Generated by org.testng.reporters.JUnitXMLReporter -->
<testsuite ignored="0" hostname="Aria" failures="0" tests="8" name="Default test" time="15.518" errors="0" timestamp="2025-02-18T19:30:18 IST">
  <testcase classname="tests.Sample1" name="Test_get" time="4.073"/>
  <testcase classname="tests.Sample1" name="Test_get2" time="1.644"/>
  <testcase classname="tests.Sample1" name="Test_post2" time="2.053"/>
  <testcase classname="tests.Sample1" name="Test_post2" time="1.573"/>
  <testcase classname="tests.Sample1" name="Test_post2" time="1.42"/>
  <testcase classname="tests.Sample1" name="Test_delete" time="1.509"/>
  <testcase classname="tests.Sample1" name="Test_post" time="1.533"/>
  <testcase classname="tests.Sample1" name="Test_put" time="1.552"/>
</testsuite> <!-- Default test -->
