<?xml version="1.0" encoding="UTF-8"?>
<!-- Generated by org.testng.reporters.JUnitReportReporter -->
<testsuite hostname="Aria" failures="0" tests="8" name="tests.Sample1" time="15.357" errors="0" timestamp="2025-02-18T19:30:18 IST" skipped="0">
  <testcase classname="tests.Sample1" name="Test_get2" time="1.644"/>
  <system-out/>
  <testcase classname="tests.Sample1" name="Test_get" time="4.073"/>
  <system-out/>
  <testcase classname="tests.Sample1" name="Test_post2" time="1.420"/>
  <system-out/>
  <testcase classname="tests.Sample1" name="Test_put" time="1.552"/>
  <system-out/>
  <testcase classname="tests.Sample1" name="Test_delete" time="1.509"/>
  <system-out/>
  <testcase classname="tests.Sample1" name="Test_post" time="1.533"/>
  <system-out/>
  <testcase classname="tests.Sample1" name="Test_post2" time="1.573"/>
  <system-out/>
  <testcase classname="tests.Sample1" name="Test_post2" time="2.053"/>
  <system-out/>
</testsuite> <!-- tests.Sample1 -->
